<?xml version="1.0" encoding="UTF-8"?>
<!-- Generated by org.testng.reporters.JUnitXMLReporter -->
<testsuite hostname="Shubhams-MacBook-Air.local" ignored="0" name="Test" tests="4" failures="0" timestamp="2023-06-04T20:05:22 IST" time="54.492" errors="0">
  <testcase name="@AfterMethod postcondition" time="0.069" classname="com.Facebook.test.FacebookLoginTest">
    <failure type="org.openqa.selenium.WebDriverException" message="Failed to decode response from marionette
Build info: version: &amp;apos;4.9.1&amp;apos;, revision: &amp;apos;eb2032df7f&amp;apos;
System info: os.name: &amp;apos;Mac OS X&amp;apos;, os.arch: &amp;apos;x86_64&amp;apos;, os.version: &amp;apos;13.4&amp;apos;, java.version: &amp;apos;1.8.0_371&amp;apos;
Driver info: org.openqa.selenium.firefox.FirefoxDriver
Command: [e43b7626-409d-46e7-95b7-fba75eb5ad30, close {}]
Capabilities {acceptInsecureCerts: true, browserName: firefox, browserVersion: 113.0.2, moz:accessibilityChecks: false, moz:buildID: 20230522134052, moz:debuggerAddress: 127.0.0.1:30342, moz:geckodriverVersion: 0.33.0, moz:headless: false, moz:platformVersion: 22.5.0, moz:processID: 4266, moz:profile: /var/folders/w_/4hpdf6xn5ss..., moz:shutdownTimeout: 60000, moz:useNonSpecCompliantPointerOrigin: false, moz:webdriverClick: true, moz:windowless: false, pageLoadStrategy: normal, platformName: mac, proxy: Proxy(), se:cdp: ws://127.0.0.1:30342/devtoo..., se:cdpVersion: 85.0, setWindowRect: true, strictFileInteractability: false, timeouts: {implicit: 0, pageLoad: 300000, script: 30000}, unhandledPromptBehavior: dismiss and notify}
Session ID: e43b7626-409d-46e7-95b7-fba75eb5ad30">
      <![CDATA[org.openqa.selenium.WebDriverException: Failed to decode response from marionette
Build info: version: '4.9.1', revision: 'eb2032df7f'
System info: os.name: 'Mac OS X', os.arch: 'x86_64', os.version: '13.4', java.version: '1.8.0_371'
Driver info: org.openqa.selenium.firefox.FirefoxDriver
Command: [e43b7626-409d-46e7-95b7-fba75eb5ad30, close {}]
Capabilities {acceptInsecureCerts: true, browserName: firefox, browserVersion: 113.0.2, moz:accessibilityChecks: false, moz:buildID: 20230522134052, moz:debuggerAddress: 127.0.0.1:30342, moz:geckodriverVersion: 0.33.0, moz:headless: false, moz:platformVersion: 22.5.0, moz:processID: 4266, moz:profile: /var/folders/w_/4hpdf6xn5ss..., moz:shutdownTimeout: 60000, moz:useNonSpecCompliantPointerOrigin: false, moz:webdriverClick: true, moz:windowless: false, pageLoadStrategy: normal, platformName: mac, proxy: Proxy(), se:cdp: ws://127.0.0.1:30342/devtoo..., se:cdpVersion: 85.0, setWindowRect: true, strictFileInteractability: false, timeouts: {implicit: 0, pageLoad: 300000, script: 30000}, unhandledPromptBehavior: dismiss and notify}
Session ID: e43b7626-409d-46e7-95b7-fba75eb5ad30
at org.openqa.selenium.remote.codec.w3c.W3CHttpResponseCodec.createException(W3CHttpResponseCodec.java:200)
at org.openqa.selenium.remote.codec.w3c.W3CHttpResponseCodec.decode(W3CHttpResponseCodec.java:133)
at org.openqa.selenium.remote.codec.w3c.W3CHttpResponseCodec.decode(W3CHttpResponseCodec.java:53)
at org.openqa.selenium.remote.HttpCommandExecutor.execute(HttpCommandExecutor.java:193)
at org.openqa.selenium.remote.service.DriverCommandExecutor.invokeExecute(DriverCommandExecutor.java:183)
at org.openqa.selenium.remote.service.DriverCommandExecutor.execute(DriverCommandExecutor.java:158)
at org.openqa.selenium.remote.RemoteWebDriver.execute(RemoteWebDriver.java:543)
at org.openqa.selenium.remote.RemoteWebDriver.execute(RemoteWebDriver.java:598)
at org.openqa.selenium.remote.RemoteWebDriver.execute(RemoteWebDriver.java:602)
at org.openqa.selenium.remote.RemoteWebDriver.close(RemoteWebDriver.java:419)
at com.Facebook.test.FacebookLoginTest.postcondition(FacebookLoginTest.java:30)
at java.util.ArrayList.forEach(ArrayList.java:1259)
... Removed 36 stack frames]]>
    </failure>
  </testcase> <!-- @AfterMethod postcondition -->
  <testcase name="logg" time="5.648" classname="com.Facebook.test.FacebookLoginTest"/>
  <testcase name="logg" time="4.426" classname="com.Facebook.test.FacebookLoginTest"/>
  <testcase name="logg" time="12.721" classname="com.Facebook.test.FacebookLoginTest"/>
  <testcase name="loggin" time="12.995" classname="login.MakeMyTrip"/>
</testsuite> <!-- Test -->
